2021-06-10 20:20:56,406:INFO:Initializing load_model()
2021-06-10 20:20:56,408:INFO:load_model(model_name=deployment_28042021, platform=None, authentication=None, verbose=True)
2021-06-10 20:21:48,733:INFO:Initializing load_model()
2021-06-10 20:21:48,734:INFO:load_model(model_name=deployment_28042021, platform=None, authentication=None, verbose=True)
2021-06-10 20:23:03,025:INFO:Initializing load_model()
2021-06-10 20:23:03,025:INFO:load_model(model_name=deployment_28042021, platform=None, authentication=None, verbose=True)
2021-06-10 20:23:19,917:INFO:Initializing load_model()
2021-06-10 20:23:19,917:INFO:load_model(model_name=deployment_28042021, platform=None, authentication=None, verbose=True)
2021-06-10 20:23:52,218:INFO:Initializing load_model()
2021-06-10 20:23:52,219:INFO:load_model(model_name=deployment_28042021, platform=None, authentication=None, verbose=True)
2021-06-10 20:23:54,898:INFO:Initializing load_model()
2021-06-10 20:23:54,898:INFO:load_model(model_name=deployment_28042021, platform=None, authentication=None, verbose=True)
2021-06-10 20:23:55,083:INFO:Initializing predict_model()
2021-06-10 20:23:55,084:INFO:predict_model(estimator=Pipeline(steps=[('dtypes',
                 DataTypes_Auto_infer(ml_usecase='regression',
                                      target='retard')),
                ('imputer',
                 Simple_Imputer(categorical_strategy='not_available',
                                fill_value_categorical=None,
                                fill_value_numerical=None,
                                numeric_strategy='mean',
                                target_variable=None)),
                ('new_levels1',
                 New_Catagorical_Levels_in_TestData(replacement_strategy='least '
                                                                         'frequent',
                                                    target='...
                ('binn', 'passthrough'), ('rem_outliers', 'passthrough'),
                ('cluster_all', 'passthrough'),
                ('dummy', Dummify(target='retard')),
                ('fix_perfect', Remove_100(target='retard')),
                ('clean_names', Clean_Colum_Names()),
                ('feature_select', 'passthrough'), ('fix_multi', 'passthrough'),
                ('dfs', 'passthrough'), ('pca', 'passthrough'),
                ['trained_model',
                 ExtraTreesRegressor(n_jobs=-1, random_state=2581)]]), probability_threshold=None, encoded_labels=True, raw_score=False, round=4, verbose=True, ml_usecase=MLUsecase.REGRESSION, display=None)
2021-06-10 20:23:55,084:INFO:Checking exceptions
2021-06-10 20:23:55,084:INFO:Preloading libraries
2021-06-10 20:24:04,541:INFO:Initializing load_model()
2021-06-10 20:24:04,542:INFO:load_model(model_name=deployment_28042021, platform=None, authentication=None, verbose=True)
2021-06-10 20:24:06,400:INFO:Initializing load_model()
2021-06-10 20:24:06,401:INFO:load_model(model_name=deployment_28042021, platform=None, authentication=None, verbose=True)
2021-06-10 20:24:08,028:INFO:Initializing load_model()
2021-06-10 20:24:08,028:INFO:load_model(model_name=deployment_28042021, platform=None, authentication=None, verbose=True)
2021-06-10 20:24:10,967:INFO:Initializing load_model()
2021-06-10 20:24:10,968:INFO:load_model(model_name=deployment_28042021, platform=None, authentication=None, verbose=True)
2021-06-10 20:24:12,897:INFO:Initializing load_model()
2021-06-10 20:24:12,899:INFO:load_model(model_name=deployment_28042021, platform=None, authentication=None, verbose=True)
2021-06-10 20:24:17,134:INFO:Initializing load_model()
2021-06-10 20:24:17,135:INFO:load_model(model_name=deployment_28042021, platform=None, authentication=None, verbose=True)
2021-06-10 20:24:21,805:INFO:Initializing load_model()
2021-06-10 20:24:21,806:INFO:load_model(model_name=deployment_28042021, platform=None, authentication=None, verbose=True)
2021-06-10 20:24:23,583:INFO:Initializing load_model()
2021-06-10 20:24:23,583:INFO:load_model(model_name=deployment_28042021, platform=None, authentication=None, verbose=True)
2021-06-10 20:24:52,297:INFO:Initializing load_model()
2021-06-10 20:24:52,298:INFO:load_model(model_name=deployment_28042021, platform=None, authentication=None, verbose=True)
2021-06-11 08:47:57,989:INFO:Initializing load_model()
2021-06-11 08:47:58,029:INFO:load_model(model_name=deployment_28042021, platform=None, authentication=None, verbose=True)
2021-06-11 08:49:41,272:INFO:Initializing load_model()
2021-06-11 08:49:41,273:INFO:load_model(model_name=deployment_28042021, platform=None, authentication=None, verbose=True)
2021-06-11 08:50:34,719:INFO:Initializing load_model()
2021-06-11 08:50:34,720:INFO:load_model(model_name=deployment_28042021, platform=None, authentication=None, verbose=True)
2021-06-11 08:50:36,712:INFO:Initializing load_model()
2021-06-11 08:50:36,712:INFO:load_model(model_name=deployment_28042021, platform=None, authentication=None, verbose=True)
2021-06-11 08:50:36,949:INFO:Initializing predict_model()
2021-06-11 08:50:36,950:INFO:predict_model(estimator=Pipeline(steps=[('dtypes',
                 DataTypes_Auto_infer(ml_usecase='regression',
                                      target='retard')),
                ('imputer',
                 Simple_Imputer(categorical_strategy='not_available',
                                fill_value_categorical=None,
                                fill_value_numerical=None,
                                numeric_strategy='mean',
                                target_variable=None)),
                ('new_levels1',
                 New_Catagorical_Levels_in_TestData(replacement_strategy='least '
                                                                         'frequent',
                                                    target='...
                ('binn', 'passthrough'), ('rem_outliers', 'passthrough'),
                ('cluster_all', 'passthrough'),
                ('dummy', Dummify(target='retard')),
                ('fix_perfect', Remove_100(target='retard')),
                ('clean_names', Clean_Colum_Names()),
                ('feature_select', 'passthrough'), ('fix_multi', 'passthrough'),
                ('dfs', 'passthrough'), ('pca', 'passthrough'),
                ['trained_model',
                 ExtraTreesRegressor(n_jobs=-1, random_state=7952)]]), probability_threshold=None, encoded_labels=True, raw_score=False, round=4, verbose=True, ml_usecase=MLUsecase.REGRESSION, display=None)
2021-06-11 08:50:36,950:INFO:Checking exceptions
2021-06-11 08:50:36,951:INFO:Preloading libraries
2021-06-11 08:51:21,528:INFO:Initializing load_model()
2021-06-11 08:51:21,529:INFO:load_model(model_name=deployment_28042021, platform=None, authentication=None, verbose=True)
2021-06-11 08:51:35,495:INFO:Initializing load_model()
2021-06-11 08:51:35,495:INFO:load_model(model_name=deployment_28042021, platform=None, authentication=None, verbose=True)
2021-06-11 08:51:36,383:INFO:Initializing predict_model()
2021-06-11 08:51:36,383:INFO:predict_model(estimator=Pipeline(steps=[('dtypes',
                 DataTypes_Auto_infer(ml_usecase='regression',
                                      target='retard')),
                ('imputer',
                 Simple_Imputer(categorical_strategy='not_available',
                                fill_value_categorical=None,
                                fill_value_numerical=None,
                                numeric_strategy='mean',
                                target_variable=None)),
                ('new_levels1',
                 New_Catagorical_Levels_in_TestData(replacement_strategy='least '
                                                                         'frequent',
                                                    target='...
                ('binn', 'passthrough'), ('rem_outliers', 'passthrough'),
                ('cluster_all', 'passthrough'),
                ('dummy', Dummify(target='retard')),
                ('fix_perfect', Remove_100(target='retard')),
                ('clean_names', Clean_Colum_Names()),
                ('feature_select', 'passthrough'), ('fix_multi', 'passthrough'),
                ('dfs', 'passthrough'), ('pca', 'passthrough'),
                ['trained_model',
                 ExtraTreesRegressor(n_jobs=-1, random_state=7952)]]), probability_threshold=None, encoded_labels=True, raw_score=False, round=4, verbose=True, ml_usecase=MLUsecase.REGRESSION, display=None)
2021-06-11 08:51:36,383:INFO:Checking exceptions
2021-06-11 08:51:36,383:INFO:Preloading libraries
